C:\USERS\BEN\DOCUMENTS\VISUAL STUDIO 2010\PROJECTS\HOOKHOPPING\DEBUG\HOOKHOPPING.EXE
C:\USERS\BEN\DOCUMENTS\VISUAL STUDIO 2010\PROJECTS\HOOKHOPPING\DEBUG\HOOKHOPPING.PDB
c:\Users\Ben\documents\visual studio 2010\Projects\HookHopping\HookHopping\Debug\cl.command.1.tlog
c:\Users\Ben\documents\visual studio 2010\Projects\HookHopping\HookHopping\Debug\CL.read.1.tlog
c:\Users\Ben\documents\visual studio 2010\Projects\HookHopping\HookHopping\Debug\CL.write.1.tlog
c:\Users\Ben\documents\visual studio 2010\Projects\HookHopping\HookHopping\Debug\HookHopping.exe.embed.manifest
C:\USERS\BEN\DOCUMENTS\VISUAL STUDIO 2010\PROJECTS\HOOKHOPPING\HOOKHOPPING\DEBUG\HOOKHOPPING.EXE.EMBED.MANIFEST.RES
C:\USERS\BEN\DOCUMENTS\VISUAL STUDIO 2010\PROJECTS\HOOKHOPPING\HOOKHOPPING\DEBUG\HOOKHOPPING.EXE.INTERMEDIATE.MANIFEST
c:\Users\Ben\documents\visual studio 2010\Projects\HookHopping\HookHopping\Debug\HookHopping.vcxprojResolveAssemblyReference.cache
c:\Users\Ben\documents\visual studio 2010\Projects\HookHopping\HookHopping\Debug\HookHopping.write.1.tlog
c:\Users\Ben\documents\visual studio 2010\Projects\HookHopping\HookHopping\Debug\HookHopping_manifest.rc
c:\Users\Ben\documents\visual studio 2010\Projects\HookHopping\HookHopping\Debug\link.command.1.tlog
c:\Users\Ben\documents\visual studio 2010\Projects\HookHopping\HookHopping\Debug\link.read.1.tlog
c:\Users\Ben\documents\visual studio 2010\Projects\HookHopping\HookHopping\Debug\link.write.1.tlog
C:\USERS\BEN\DOCUMENTS\VISUAL STUDIO 2010\PROJECTS\HOOKHOPPING\HOOKHOPPING\DEBUG\MAIN.OBJ
c:\Users\Ben\documents\visual studio 2010\Projects\HookHopping\HookHopping\Debug\mt.command.1.tlog
c:\Users\Ben\documents\visual studio 2010\Projects\HookHopping\HookHopping\Debug\mt.read.1.tlog
c:\Users\Ben\documents\visual studio 2010\Projects\HookHopping\HookHopping\Debug\mt.write.1.tlog
c:\Users\Ben\documents\visual studio 2010\Projects\HookHopping\HookHopping\Debug\rc.command.1.tlog
c:\Users\Ben\documents\visual studio 2010\Projects\HookHopping\HookHopping\Debug\rc.read.1.tlog
c:\Users\Ben\documents\visual studio 2010\Projects\HookHopping\HookHopping\Debug\rc.write.1.tlog
c:\Users\Ben\documents\visual studio 2010\Projects\HookHopping\HookHopping\Debug\vc100.idb
C:\USERS\BEN\DOCUMENTS\VISUAL STUDIO 2010\PROJECTS\HOOKHOPPING\HOOKHOPPING\DEBUG\VC100.PDB
